. binsreg y x w i.t, dots(0,0) line(3,3) ci(3,3) cb(3,3) polyreg(4) ///
>                    vce(cluster id) savedata(output/graphdat) replace ///
>                                    title("Binned Scatter Plot") 
Sorting dataset on x...
Note: This step is omitted if dataset already sorted by x.

Binscatter plot
Bin selection method: IMSE-optimal plug-in choice
Placement: Quantile-spaced
Derivative: 0
Output file: output/graphdat.dta

----------------------------------------------
# of observations             |    1000
# of distinct values          |    1000
# of clusters                 |     500
------------------------------+---------------
Bin selection:                | 
         Degree of polynomial |       0
  # of smoothness constraints |       0
                    # of bins |      20
----------------------------------------------

----------------------------------------
         |      p       s       df
---------+------------------------------
 dots    |      0       0       20
 line    |      3       3       23
 CI      |      3       3       23
 CB      |      3       3       23
 polyreg |      4       NA      5
----------------------------------------
