. binsregselect y x w, randcut(0.3)


Bin selection for binscatter estimates
Method: IMSE-optimal: plug-in choice
Position: Quantile-spaced

---------------------------------------
          # of observations |    1000
       # of distince values |    1000
              # of clusters |       .
           eff. sample size |    1000
----------------------------+----------
       Degree of polynomial |       0
 # of smoothness constraint |       0
---------------------------------------

--------------------------------------------------------------------
    method    |  # of bins |     df   | imse, bias^2 |  imse, var.  
--------------+------------+----------+--------------+--------------
   ROT-POLY   |      18    |     18   |    3.194     |    1.287
   ROT-REGUL  |      18    |     18   |        .     |        .
   ROT-UKNOT  |      18    |     18   |        .     |        .
      DPI     |      21    |     21   |    5.307     |    1.319
   DPI-UKNOT  |      21    |     21   |        .     |        .
--------------------------------------------------------------------
