. binsregselect y x w if t==0, useeffn(1000)


Bin selection for binscatter estimates
Method: IMSE-optimal: plug-in choice
Position: Quantile-spaced

---------------------------------------
          # of observations |     485
       # of distince values |     485
              # of clusters |       .
           eff. sample size |    1000
----------------------------+----------
       Degree of polynomial |       0
 # of smoothness constraint |       0
---------------------------------------

--------------------------------------------------------------------
    method    |  # of bins |     df   | imse, bias^2 |  imse, var.  
--------------+------------+----------+--------------+--------------
   ROT-POLY   |      20    |     20   |    3.185     |    0.937
   ROT-REGUL  |      20    |     20   |        .     |        .
   ROT-UKNOT  |      20    |     20   |        .     |        .
      DPI     |      26    |     26   |    7.092     |    0.941
   DPI-UKNOT  |      26    |     26   |        .     |        .
--------------------------------------------------------------------
