. binsregselect y x w if t==0, useeffn(1000)

Bin selection for binscatter estimates
Method: IMSE-optimal: plug-in choice
Position: Quantile-spaced

---------------------------------------
          # of observations |     485
       # of distince values |     485
              # of clusters |       .
           eff. sample size |    1000
----------------------------+----------
       Degree of polynomial |       0
 # of smoothness constraint |       0
---------------------------------------

---------------------------------------
    method    |   # of bins |     df   
--------------+-------------+----------
   ROT-POLY   |      19     |     19
   ROT-REGUL  |      19     |     19
   ROT-UKNOT  |      19     |     19
      DPI     |      25     |     25
   DPI-UKNOT  |      25     |     25
---------------------------------------
