. binsreg y x w, by(t) dots(0,0) line(3,3) cb(3,3) ///
>                bycolors(blue red) bysymbols(O T) 
Sorting dataset on x...
Note: This step is omitted if dataset already sorted by x.

Binscatter plot
Bin selection method: IMSE-optimal plug-in choice
Placement: Quantile-spaced
Derivative: 0

Group: t = 0
----------------------------------------------
# of observations             |     485
# of distinct values          |     485
# of clusters                 |       .
------------------------------+---------------
Bin selection:                | 
         Degree of polynomial |       0
  # of smoothness constraints |       0
                    # of bins |      20
----------------------------------------------

----------------------------------------
         |      p       s       df
---------+------------------------------
 dots    |      0       0       20
 line    |      3       3       23
 CB      |      3       3       23
----------------------------------------


Group: t = 1
----------------------------------------------
# of observations             |     515
# of distinct values          |     515
# of clusters                 |       .
------------------------------+---------------
Bin selection:                | 
         Degree of polynomial |       0
  # of smoothness constraints |       0
                    # of bins |      15
----------------------------------------------

----------------------------------------
         |      p       s       df
---------+------------------------------
 dots    |      0       0       15
 line    |      3       3       18
 CB      |      3       3       18
----------------------------------------
