. binsreg y x w, at(median)
Sorting dataset on x...
Note: This step is omitted if dataset already sorted by x.

Binscatter plot
Bin selection method: IMSE-optimal plug-in choice
Placement: Quantile-spaced
Derivative: 0

----------------------------------------------
# of observations             |    1000
# of distinct values          |    1000
# of clusters                 |       .
------------------------------+---------------
Bin selection:                | 
         Degree of polynomial |       0
  # of smoothness constraints |       0
                    # of bins |      21
----------------------------------------------

----------------------------------------
         |      p       s       df
---------+------------------------------
 dots    |      0       0       21
----------------------------------------
